2025-02-17 07:21:01 - SH7755F - Otrzymano dane.
2025-02-17 07:21:01 - SH7755F - Otrzymano dane JSON z timeline-data.
2025-02-17 07:23:27 - SH7755F - Otrzymano dane.
2025-02-17 07:23:27 - SH7755F - Otrzymano dane JSON z timeline-data.
2025-02-17 07:26:13 - SH7755F - Otrzymano dane.
2025-02-17 07:26:14 - SH7755F - Otrzymano dane JSON z timeline-data.
2025-02-17 07:26:44 - SH7755F - Otrzymano dane.
2025-02-17 07:26:44 - SH7755F - Otrzymano dane JSON z timeline-data.
2025-02-17 07:27:40 - SH7755F - Otrzymano dane.
2025-02-17 07:27:40 - SH7755F - Otrzymano dane JSON z timeline-data.
2025-02-17 07:29:36 - SH7755F - Błąd podczas pobierania JSON: Timeout 2000ms exceeded while waiting for event "response"
=========================== logs ===========================
waiting for event "response"
============================================================
2025-02-17 07:30:06 - SH7755F - Otrzymano dane.
2025-02-17 07:30:06 - SH7755F - Otrzymano dane JSON z timeline-data.
2025-02-17 07:33:11 - SH7755F - Otrzymano dane.
2025-02-17 07:33:11 - SH7755F - Otrzymano dane JSON z timeline-data.
2025-02-17 07:35:50 - SH7755F - Otrzymano dane.
2025-02-17 07:35:50 - SH7755F - Otrzymano dane JSON z timeline-data.
2025-02-17 07:35:53 - SH7758F - Otrzymano dane.
2025-02-17 07:35:53 - SH7758F - W bazie danych nie istnieje pojazd o podanych parametrach.
2025-02-17 07:35:56 - WJ1478G - Otrzymano dane.
2025-02-17 07:35:56 - WJ1478G - Otrzymano dane JSON z timeline-data.
2025-02-17 07:35:59 - GS61124 - Otrzymano dane.
2025-02-17 07:36:00 - GS61124 - Otrzymano dane JSON z timeline-data.
2025-02-17 07:40:18 - SH7755F - Otrzymano dane.
2025-02-17 07:40:18 - SH7755F - Otrzymano dane JSON z timeline-data.
2025-02-17 07:40:21 - SH7758F - Otrzymano dane.
2025-02-17 07:40:21 - SH7758F - W bazie danych nie istnieje pojazd o podanych parametrach.
2025-02-17 07:40:24 - WJ1478G - Otrzymano dane.
2025-02-17 07:40:25 - WJ1478G - Otrzymano dane JSON z timeline-data.
2025-02-17 07:40:28 - GS61124 - Otrzymano dane.
2025-02-17 07:40:28 - GS61124 - Otrzymano dane JSON z timeline-data.
2025-02-17 07:42:16 - SH7755F - Otrzymano dane.
2025-02-17 07:42:17 - SH7755F - Otrzymano dane JSON z timeline-data.
2025-02-17 07:42:20 - SH7758F - Otrzymano dane.
2025-02-17 07:42:20 - SH7758F - W bazie danych nie istnieje pojazd o podanych parametrach.
2025-02-17 07:42:23 - WJ1478G - Otrzymano dane.
2025-02-17 07:42:23 - WJ1478G - Otrzymano dane JSON z timeline-data.
2025-02-17 07:42:26 - GS61124 - Otrzymano dane.
2025-02-17 07:42:27 - GS61124 - Otrzymano dane JSON z timeline-data.
2025-02-17 07:45:24 - SH7755F - Otrzymano dane.
2025-02-17 07:45:24 - SH7755F - Otrzymano dane JSON z timeline-data.
2025-02-17 07:45:27 - SH7758F - Otrzymano dane.
2025-02-17 07:45:27 - SH7758F - W bazie danych nie istnieje pojazd o podanych parametrach.
2025-02-17 07:45:31 - WJ1478G - Otrzymano dane.
2025-02-17 07:45:31 - WJ1478G - Otrzymano dane JSON z timeline-data.
2025-02-17 07:45:34 - GS61124 - Otrzymano dane.
2025-02-17 07:45:35 - GS61124 - Otrzymano dane JSON z timeline-data.
2025-02-17 07:46:07 - SH7755F - Otrzymano dane.
2025-02-17 07:46:08 - SH7755F - Otrzymano dane JSON z timeline-data.
2025-02-17 07:46:11 - SH7758F - Otrzymano dane.
2025-02-17 07:46:11 - SH7758F - W bazie danych nie istnieje pojazd o podanych parametrach.
2025-02-17 07:46:14 - WJ1478G - Otrzymano dane.
2025-02-17 07:46:14 - WJ1478G - Otrzymano dane JSON z timeline-data.
2025-02-17 07:46:18 - GS61124 - Otrzymano dane.
2025-02-17 07:46:18 - GS61124 - Otrzymano dane JSON z timeline-data.
2025-02-17 07:49:41 - SH7755F - Otrzymano dane.
2025-02-17 07:49:43 - SH7755F - Otrzymano dane JSON z timeline-data.
2025-02-17 07:49:47 - SH7758F - Otrzymano dane.
2025-02-17 07:49:47 - SH7758F - W bazie danych nie istnieje pojazd o podanych parametrach.
2025-02-17 07:49:50 - WJ1478G - Otrzymano dane.
2025-02-17 07:49:50 - WJ1478G - Otrzymano dane JSON z timeline-data.
2025-02-17 07:50:47 - SH7755F - Otrzymano dane.
2025-02-17 07:50:48 - SH7755F - Otrzymano dane JSON z timeline-data.
2025-02-17 07:50:51 - SH7758F - Otrzymano dane.
2025-02-17 07:50:51 - SH7758F - W bazie danych nie istnieje pojazd o podanych parametrach.
2025-02-17 07:50:54 - WJ1478G - Otrzymano dane.
2025-02-17 07:50:54 - WJ1478G - Otrzymano dane JSON z timeline-data.
2025-02-17 07:51:46 - SH7755F - Otrzymano dane.
2025-02-17 07:51:46 - SH7755F - Otrzymano dane JSON z timeline-data.
2025-02-17 07:52:17 - SH7755F - Otrzymano dane.
2025-02-17 07:52:17 - SH7755F - Otrzymano dane JSON z timeline-data.
2025-02-17 07:52:20 - SH7758F - Otrzymano dane.
2025-02-17 07:52:20 - SH7758F - W bazie danych nie istnieje pojazd o podanych parametrach.
2025-02-17 07:52:23 - WJ1478G - Otrzymano dane.
2025-02-17 07:52:23 - WJ1478G - Otrzymano dane JSON z timeline-data.
2025-02-17 07:55:13 - SH7755F - Otrzymano dane.
2025-02-17 07:55:13 - SH7755F - Otrzymano dane JSON z timeline-data.
2025-02-17 07:55:16 - SH7758F - Otrzymano dane.
2025-02-17 07:55:16 - SH7758F - W bazie danych nie istnieje pojazd o podanych parametrach.
2025-02-17 07:55:28 - SH7755F - Otrzymano dane.
2025-02-17 07:55:29 - SH7755F - Otrzymano dane JSON z timeline-data.
2025-02-17 07:55:32 - SH7758F - Otrzymano dane.
2025-02-17 07:55:32 - SH7758F - W bazie danych nie istnieje pojazd o podanych parametrach.
2025-02-17 07:55:35 - WJ1478G - Otrzymano dane.
2025-02-17 07:55:35 - WJ1478G - Otrzymano dane JSON z timeline-data.
2025-02-17 07:55:39 - GS61124 - Otrzymano dane.
2025-02-17 07:55:39 - GS61124 - Otrzymano dane JSON z timeline-data.
2025-02-17 08:05:54 - SH7755F - Otrzymano dane.
2025-02-17 08:05:54 - SH7755F - Otrzymano dane JSON z timeline-data.
2025-02-17 08:05:58 - SH7758F - Otrzymano dane.
2025-02-17 08:05:58 - SH7758F - W bazie danych nie istnieje pojazd o podanych parametrach.
2025-02-17 08:06:01 - WJ1478G - Otrzymano dane.
2025-02-17 08:06:01 - WJ1478G - Otrzymano dane JSON z timeline-data.
2025-02-17 08:06:04 - GS61124 - Otrzymano dane.
2025-02-17 08:06:04 - GS61124 - Otrzymano dane JSON z timeline-data.
2025-02-17 08:08:59 - SH7755F - Otrzymano dane.
2025-02-17 08:08:59 - SH7755F - Otrzymano dane JSON z timeline-data.
2025-02-17 08:09:02 - SH7758F - Otrzymano dane.
2025-02-17 08:09:02 - SH7758F - W bazie danych nie istnieje pojazd o podanych parametrach.
2025-02-17 08:09:06 - WJ1478G - Otrzymano dane.
2025-02-17 08:09:06 - WJ1478G - Otrzymano dane JSON z timeline-data.
2025-02-17 08:09:09 - GS61124 - Otrzymano dane.
2025-02-17 08:09:09 - GS61124 - Otrzymano dane JSON z timeline-data.
2025-02-17 08:09:40 - SH7755F - Otrzymano dane.
2025-02-17 08:09:41 - SH7755F - Otrzymano dane JSON z timeline-data.
2025-02-17 08:09:44 - SH7758F - Otrzymano dane.
2025-02-17 08:09:44 - SH7758F - W bazie danych nie istnieje pojazd o podanych parametrach.
2025-02-17 08:09:47 - WJ1478G - Otrzymano dane.
2025-02-17 08:09:47 - WJ1478G - Otrzymano dane JSON z timeline-data.
2025-02-17 08:09:50 - GS61124 - Otrzymano dane.
2025-02-17 08:09:51 - GS61124 - Otrzymano dane JSON z timeline-data.
2025-02-17 09:46:25 - SH7755F - Otrzymano dane.
2025-02-17 09:46:25 - SH7755F - Otrzymano dane JSON z timeline-data.
2025-02-17 09:46:28 - SH7758F - Otrzymano dane.
2025-02-17 09:46:28 - SH7758F - W bazie danych nie istnieje pojazd o podanych parametrach.
2025-02-17 09:46:31 - WJ1478G - Otrzymano dane.
2025-02-17 09:46:32 - WJ1478G - Otrzymano dane JSON z timeline-data.
2025-02-17 09:46:35 - GS61124 - Otrzymano dane.
2025-02-17 09:46:35 - GS61124 - Otrzymano dane JSON z timeline-data.
